#
# A fatal error has been detected by the Java Runtime Environment:
#
#  EXCEPTION_ACCESS_VIOLATION (0xc0000005) at pc=0x0000000055fdcd60, pid=5344, tid=0x0000000000000e34
#
# JRE version: OpenJDK Runtime Environment (8.0_152-b01) (build 1.8.0_152-release-915-b01)
# Java VM: OpenJDK 64-Bit Server VM (25.152-b01 mixed mode windows-amd64 compressed oops)
# Problematic frame:
# V  [jvm.dll+0x46cd60]
#
# Failed to write core dump. Minidumps are not enabled by default on client versions of Windows
#
# If you would like to submit a bug report, please visit:
#   http://bugreport.java.com/bugreport/crash.jsp
#

---------------  T H R E A D  ---------------

Current thread (0x0000000017e1b800):  JavaThread "C2 CompilerThread1" daemon [_thread_in_native, id=3636, stack(0x0000000019570000,0x0000000019670000)]

siginfo: ExceptionCode=0xc0000005, reading address 0x0000080056334070

Registers:
RAX=0x0000000000000000, RBX=0x00000000249e8cb0, RCX=0x0000080056334070, RDX=0x0000000000000000
RSP=0x000000001966c5b0, RBP=0x0000000000000007, RSI=0x0000000000000038, RDI=0x000000001966c600
R8 =0x00000000249e9250, R9 =0x000000001c820080, R10=0x0000000055b70000, R11=0x000000001966c4d0
R12=0x0000000056334070, R13=0x0000000055b70000, R14=0x000000001efcbba8, R15=0x00000000000003d8
RIP=0x0000000055fdcd60, EFLAGS=0x0000000000010246

Top of Stack: (sp=0x000000001966c5b0)
0x000000001966c5b0:   000000001966ed90 000000002491dc90
0x000000001966c5c0:   fffffffffffffff8 0000000017de4880
0x000000001966c5d0:   0000000000002750 0000000055fd7e2f
0x000000001966c5e0:   00000000248e20f0 00000000249e8cb0
0x000000001966c5f0:   0000000000002750 000000001966c6e0
0x000000001966c600:   0000000000000000 0000000000000008
0x000000001966c610:   0000080056334070 0000000000000000
0x000000001966c620:   000000001ae0a7d0 0000000000000036
0x000000001966c630:   00000000249e9250 000000001966c9d0
0x000000001966c640:   000000001efcb7d0 000000001966c9d0
0x000000001966c650:   000000001efcb7c0 0000000055fa4671
0x000000001966c660:   0000000000000000 000000001966c760
0x000000001966c670:   0000000000000000 0000000000000006
0x000000001966c680:   0000000000000002 000000001efcb7c0
0x000000001966c690:   000000002108ffa0 0000000021094c30
0x000000001966c6a0:   0000000021097f88 0000000000ff2370 

Instructions: (pc=0x0000000055fdcd60)
0x0000000055fdcd40:   48 8b 4f 20 48 39 04 0e 0f 84 9d 00 00 00 48 8b
0x0000000055fdcd50:   0c 0e 33 d2 33 c0 48 89 4f 10 66 0f 1f 44 00 00
0x0000000055fdcd60:   83 3c 08 00 0f 85 36 01 00 00 ff c2 48 83 c0 04
0x0000000055fdcd70:   83 fa 08 72 eb 48 8b 47 30 48 89 44 24 30 48 85 


Register to memory mapping:

RAX=0x0000000000000000 is an unknown value
RBX=0x00000000249e8cb0 is an unknown value
RCX=0x0000080056334070 is an unknown value
RDX=0x0000000000000000 is an unknown value
RSP=0x000000001966c5b0 is pointing into the stack for thread: 0x0000000017e1b800
RBP=0x0000000000000007 is an unknown value
RSI=0x0000000000000038 is an unknown value
RDI=0x000000001966c600 is pointing into the stack for thread: 0x0000000017e1b800
R8 =0x00000000249e9250 is an unknown value
R9 =0x000000001c820080 is an unknown value
R10=0x0000000055b70000 is an unknown value
R11=0x000000001966c4d0 is pointing into the stack for thread: 0x0000000017e1b800
R12=0x0000000056334070 is an unknown value
R13=0x0000000055b70000 is an unknown value
R14=0x000000001efcbba8 is an unknown value
R15=0x00000000000003d8 is an unknown value


Stack: [0x0000000019570000,0x0000000019670000],  sp=0x000000001966c5b0,  free space=1009k
Native frames: (J=compiled Java code, j=interpreted, Vv=VM code, C=native code)
V  [jvm.dll+0x46cd60]
V  [jvm.dll+0x467e2f]
V  [jvm.dll+0x434671]
V  [jvm.dll+0x43f19b]
V  [jvm.dll+0x441a6e]
V  [jvm.dll+0x424b32]
V  [jvm.dll+0x80fa9]
V  [jvm.dll+0x818df]
V  [jvm.dll+0x21d06f]
V  [jvm.dll+0x26d4aa]
C  [msvcr100.dll+0x21d9f]
C  [msvcr100.dll+0x21e3b]
C  [KERNEL32.DLL+0x11fe4]
C  [ntdll.dll+0x6efc1]


Current CompileTask:
C2:  18901 6986       4       java.io.WinNTFileSystem::normalize (143 bytes)


---------------  P R O C E S S  ---------------

Java Threads: ( => current thread )
  0x000000001cc3f000 JavaThread "Memory manager" [_thread_blocked, id=8300, stack(0x0000000022770000,0x0000000022870000)]
  0x000000001cc3d800 JavaThread "build operations Thread 4" [_thread_blocked, id=8796, stack(0x0000000021f70000,0x0000000022070000)]
  0x000000001cc39800 JavaThread "build operations Thread 3" [_thread_blocked, id=2644, stack(0x0000000021e70000,0x0000000021f70000)]
  0x000000001cc3b000 JavaThread "build operations Thread 2" [_thread_in_Java, id=7244, stack(0x0000000021d70000,0x0000000021e70000)]
  0x000000001cc36800 JavaThread "build operations" [_thread_blocked, id=3952, stack(0x00000000203c0000,0x00000000204c0000)]
  0x000000001d290800 JavaThread "Cache worker for Artifact transforms cache (C:\Users\tomas\.gradle\caches\transforms-1)" [_thread_blocked, id=1340, stack(0x0000000020040000,0x0000000020140000)]
  0x000000001ce75800 JavaThread "Cache worker for file hash cache (T:\Workspace\AndroidStudioProjects\MeetBam\.gradle\4.1\fileHashes)" [_thread_blocked, id=3468, stack(0x000000001d9a0000,0x000000001daa0000)]
  0x000000001b46f800 JavaThread "File lock request listener" [_thread_in_native, id=2608, stack(0x000000001d6a0000,0x000000001d7a0000)]
  0x000000001b3e3000 JavaThread "Cache worker for file hash cache (C:\Users\tomas\.gradle\caches\4.1\fileHashes)" [_thread_blocked, id=6176, stack(0x000000001d5a0000,0x000000001d6a0000)]
  0x000000001b0b1800 JavaThread "Stdin handler" [_thread_blocked, id=7532, stack(0x000000001c4d0000,0x000000001c5d0000)]
  0x000000001b0b0000 JavaThread "Asynchronous log dispatcher for DefaultDaemonConnection: socket connection from /127.0.0.1:52070 to /127.0.0.1:52071" [_thread_blocked, id=8688, stack(0x000000001c3d0000,0x000000001c4d0000)]
  0x000000001ab50800 JavaThread "Daemon worker" [_thread_blocked, id=2312, stack(0x000000001c2d0000,0x000000001c3d0000)]
  0x000000001b0b4800 JavaThread "Cancel handler" [_thread_blocked, id=3184, stack(0x000000001c1d0000,0x000000001c2d0000)]
  0x000000001ac0b000 JavaThread "Handler for socket connection from /127.0.0.1:52070 to /127.0.0.1:52071" [_thread_in_native, id=9156, stack(0x000000001bed0000,0x000000001bfd0000)]
  0x000000001ac0d000 JavaThread "Daemon" [_thread_blocked, id=9060, stack(0x000000001bdd0000,0x000000001bed0000)]
  0x000000001b2ea000 JavaThread "Daemon periodic checks" [_thread_blocked, id=9160, stack(0x000000001bcd0000,0x000000001bdd0000)]
  0x000000001ae65000 JavaThread "Incoming local TCP Connector on port 52070" [_thread_in_native, id=5100, stack(0x000000001ba80000,0x000000001bb80000)]
  0x0000000019789800 JavaThread "Service Thread" daemon [_thread_blocked, id=6524, stack(0x0000000019b70000,0x0000000019c70000)]
  0x0000000017e65000 JavaThread "C1 CompilerThread2" daemon [_thread_in_native, id=8180, stack(0x0000000019670000,0x0000000019770000)]
=>0x0000000017e1b800 JavaThread "C2 CompilerThread1" daemon [_thread_in_native, id=3636, stack(0x0000000019570000,0x0000000019670000)]
  0x0000000017e18800 JavaThread "C2 CompilerThread0" daemon [_thread_in_native, id=6148, stack(0x0000000019470000,0x0000000019570000)]
  0x0000000017e27800 JavaThread "Attach Listener" daemon [_thread_blocked, id=1772, stack(0x0000000019370000,0x0000000019470000)]
  0x0000000017e26000 JavaThread "Signal Dispatcher" daemon [_thread_blocked, id=7696, stack(0x0000000019270000,0x0000000019370000)]
  0x0000000017e08800 JavaThread "Finalizer" daemon [_thread_blocked, id=5772, stack(0x0000000019070000,0x0000000019170000)]
  0x00000000044a1000 JavaThread "Reference Handler" daemon [_thread_blocked, id=7056, stack(0x0000000018f70000,0x0000000019070000)]
  0x0000000002a6e000 JavaThread "main" [_thread_blocked, id=5316, stack(0x0000000004250000,0x0000000004350000)]

Other Threads:
  0x0000000017de5000 VMThread [stack: 0x0000000018e70000,0x0000000018f70000] [id=7724]
  0x0000000019792000 WatcherThread [stack: 0x0000000019c70000,0x0000000019d70000] [id=3080]

VM state:not at safepoint (normal execution)

VM Mutex/Monitor currently owned by a thread: None

Heap:
 PSYoungGen      total 178688K, used 48983K [0x00000000e0000000, 0x00000000eeb00000, 0x0000000100000000)
  eden space 162304K, 30% used [0x00000000e0000000,0x00000000e2fd5e20,0x00000000e9e80000)
  from space 16384K, 0% used [0x00000000eb580000,0x00000000eb580000,0x00000000ec580000)
  to   space 23552K, 0% used [0x00000000e9e80000,0x00000000e9e80000,0x00000000eb580000)
 ParOldGen       total 165376K, used 45206K [0x00000000a0000000, 0x00000000aa180000, 0x00000000e0000000)
  object space 165376K, 27% used [0x00000000a0000000,0x00000000a2c25a80,0x00000000aa180000)
 Metaspace       used 58350K, capacity 60384K, committed 60632K, reserved 1101824K
  class space    used 7908K, capacity 8439K, committed 8448K, reserved 1048576K

Card table byte_map: [0x0000000013870000,0x0000000013b80000] byte_map_base: 0x0000000013370000

Marking Bits: (ParMarkBitMap*) 0x0000000056333950
 Begin Bits: [0x0000000014180000, 0x0000000015980000)
 End Bits:   [0x0000000015980000, 0x0000000017180000)

Polling page: 0x0000000002a20000

CodeCache: size=245760Kb used=22682Kb max_used=22682Kb free=223077Kb
 bounds [0x00000000044b0000, 0x0000000005af0000, 0x00000000134b0000]
 total_blobs=7602 nmethods=6838 adapters=675
 compilation: enabled

Compilation events (10 events):
Event: 18.649 Thread 0x0000000017e65000 7449   !   3       com.google.common.hash.AbstractHasher::putString (28 bytes)
Event: 18.650 Thread 0x0000000017e65000 nmethod 7449 0x00000000050e6410 code [0x00000000050e65e0, 0x00000000050e6c48]
Event: 18.650 Thread 0x0000000017e65000 7450       3       org.gradle.api.tasks.util.internal.CachingPatternSpecFactory$CachingSpec$1::call (5 bytes)
Event: 18.650 Thread 0x0000000017e65000 nmethod 7450 0x00000000050e5d90 code [0x00000000050e5f20, 0x00000000050e62a8]
Event: 18.650 Thread 0x0000000017e65000 7451       1       org.gradle.internal.operations.DefaultBuildOperationQueue::access$300 (5 bytes)
Event: 18.650 Thread 0x0000000017e65000 nmethod 7451 0x00000000050e5ad0 code [0x00000000050e5c20, 0x00000000050e5d10]
Event: 18.652 Thread 0x0000000017e65000 7452       3       org.gradle.api.internal.file.DefaultFileVisitDetails::<init> (34 bytes)
Event: 18.653 Thread 0x0000000017e65000 nmethod 7452 0x00000000050e5490 code [0x00000000050e5600, 0x00000000050e5910]
Event: 18.654 Thread 0x0000000017e65000 7453       3       org.gradle.api.internal.file.collections.jdk7.Jdk7DirectoryWalker$1::getFileVisitDetails (113 bytes)
Event: 18.654 Thread 0x0000000017e18800 nmethod 7445 0x00000000050e3610 code [0x00000000050e37a0, 0x00000000050e3bf0]

GC Heap History (10 events):
Event: 10.066 GC heap before
{Heap before GC invocations=9 (full 2):
 PSYoungGen      total 112128K, used 9866K [0x00000000e0000000, 0x00000000eae80000, 0x0000000100000000)
  eden space 101376K, 0% used [0x00000000e0000000,0x00000000e0000000,0x00000000e6300000)
  from space 10752K, 91% used [0x00000000e6300000,0x00000000e6ca2ba8,0x00000000e6d80000)
  to   space 11776K, 0% used [0x00000000ea300000,0x00000000ea300000,0x00000000eae80000)
 ParOldGen       total 61952K, used 11541K [0x00000000a0000000, 0x00000000a3c80000, 0x00000000e0000000)
  object space 61952K, 18% used [0x00000000a0000000,0x00000000a0b45488,0x00000000a3c80000)
 Metaspace       used 34544K, capacity 35292K, committed 35416K, reserved 1079296K
  class space    used 4627K, capacity 4927K, committed 4992K, reserved 1048576K
Event: 10.204 GC heap after
Heap after GC invocations=9 (full 2):
 PSYoungGen      total 112128K, used 0K [0x00000000e0000000, 0x00000000eae80000, 0x0000000100000000)
  eden space 101376K, 0% used [0x00000000e0000000,0x00000000e0000000,0x00000000e6300000)
  from space 10752K, 0% used [0x00000000e6300000,0x00000000e6300000,0x00000000e6d80000)
  to   space 11776K, 0% used [0x00000000ea300000,0x00000000ea300000,0x00000000eae80000)
 ParOldGen       total 98816K, used 15823K [0x00000000a0000000, 0x00000000a6080000, 0x00000000e0000000)
  object space 98816K, 16% used [0x00000000a0000000,0x00000000a0f73fb0,0x00000000a6080000)
 Metaspace       used 34493K, capacity 35160K, committed 35416K, reserved 1079296K
  class space    used 4614K, capacity 4883K, committed 4992K, reserved 1048576K
}
Event: 12.218 GC heap before
{Heap before GC invocations=10 (full 2):
 PSYoungGen      total 112128K, used 101376K [0x00000000e0000000, 0x00000000eae80000, 0x0000000100000000)
  eden space 101376K, 100% used [0x00000000e0000000,0x00000000e6300000,0x00000000e6300000)
  from space 10752K, 0% used [0x00000000e6300000,0x00000000e6300000,0x00000000e6d80000)
  to   space 11776K, 0% used [0x00000000ea300000,0x00000000ea300000,0x00000000eae80000)
 ParOldGen       total 98816K, used 15823K [0x00000000a0000000, 0x00000000a6080000, 0x00000000e0000000)
  object space 98816K, 16% used [0x00000000a0000000,0x00000000a0f73fb0,0x00000000a6080000)
 Metaspace       used 41570K, capacity 42378K, committed 42712K, reserved 1085440K
  class space    used 5490K, capacity 5826K, committed 5888K, reserved 1048576K
Event: 12.237 GC heap after
Heap after GC invocations=10 (full 2):
 PSYoungGen      total 147968K, used 8967K [0x00000000e0000000, 0x00000000eac00000, 0x0000000100000000)
  eden space 138752K, 0% used [0x00000000e0000000,0x00000000e0000000,0x00000000e8780000)
  from space 9216K, 97% used [0x00000000ea300000,0x00000000eabc1c08,0x00000000eac00000)
  to   space 11776K, 0% used [0x00000000e9500000,0x00000000e9500000,0x00000000ea080000)
 ParOldGen       total 98816K, used 15831K [0x00000000a0000000, 0x00000000a6080000, 0x00000000e0000000)
  object space 98816K, 16% used [0x00000000a0000000,0x00000000a0f75fb0,0x00000000a6080000)
 Metaspace       used 41570K, capacity 42378K, committed 42712K, reserved 1085440K
  class space    used 5490K, capacity 5826K, committed 5888K, reserved 1048576K
}
Event: 15.223 GC heap before
{Heap before GC invocations=11 (full 2):
 PSYoungGen      total 147968K, used 147719K [0x00000000e0000000, 0x00000000eac00000, 0x0000000100000000)
  eden space 138752K, 100% used [0x00000000e0000000,0x00000000e8780000,0x00000000e8780000)
  from space 9216K, 97% used [0x00000000ea300000,0x00000000eabc1c08,0x00000000eac00000)
  to   space 11776K, 0% used [0x00000000e9500000,0x00000000e9500000,0x00000000ea080000)
 ParOldGen       total 98816K, used 15831K [0x00000000a0000000, 0x00000000a6080000, 0x00000000e0000000)
  object space 98816K, 16% used [0x00000000a0000000,0x00000000a0f75fb0,0x00000000a6080000)
 Metaspace       used 53837K, capacity 55456K, committed 55512K, reserved 1097728K
  class space    used 7183K, capacity 7636K, committed 7680K, reserved 1048576K
Event: 15.254 GC heap after
Heap after GC invocations=11 (full 2):
 PSYoungGen      total 164352K, used 11772K [0x00000000e0000000, 0x00000000ec580000, 0x0000000100000000)
  eden space 152576K, 0% used [0x00000000e0000000,0x00000000e0000000,0x00000000e9500000)
  from space 11776K, 99% used [0x00000000e9500000,0x00000000ea07f318,0x00000000ea080000)
  to   space 16384K, 0% used [0x00000000eb580000,0x00000000eb580000,0x00000000ec580000)
 ParOldGen       total 98816K, used 24080K [0x00000000a0000000, 0x00000000a6080000, 0x00000000e0000000)
  object space 98816K, 24% used [0x00000000a0000000,0x00000000a1784360,0x00000000a6080000)
 Metaspace       used 53837K, capacity 55456K, committed 55512K, reserved 1097728K
  class space    used 7183K, capacity 7636K, committed 7680K, reserved 1048576K
}
Event: 17.192 GC heap before
{Heap before GC invocations=12 (full 2):
 PSYoungGen      total 164352K, used 164348K [0x00000000e0000000, 0x00000000ec580000, 0x0000000100000000)
  eden space 152576K, 100% used [0x00000000e0000000,0x00000000e9500000,0x00000000e9500000)
  from space 11776K, 99% used [0x00000000e9500000,0x00000000ea07f318,0x00000000ea080000)
  to   space 16384K, 0% used [0x00000000eb580000,0x00000000eb580000,0x00000000ec580000)
 ParOldGen       total 98816K, used 24080K [0x00000000a0000000, 0x00000000a6080000, 0x00000000e0000000)
  object space 98816K, 24% used [0x00000000a0000000,0x00000000a1784360,0x00000000a6080000)
 Metaspace       used 56949K, capacity 58828K, committed 58968K, reserved 1099776K
  class space    used 7694K, capacity 8197K, committed 8320K, reserved 1048576K
Event: 17.249 GC heap after
Heap after GC invocations=12 (full 2):
 PSYoungGen      total 178688K, used 16364K [0x00000000e0000000, 0x00000000eeb00000, 0x0000000100000000)
  eden space 162304K, 0% used [0x00000000e0000000,0x00000000e0000000,0x00000000e9e80000)
  from space 16384K, 99% used [0x00000000eb580000,0x00000000ec57b308,0x00000000ec580000)
  to   space 23552K, 0% used [0x00000000e9e80000,0x00000000e9e80000,0x00000000eb580000)
 ParOldGen       total 98816K, used 37975K [0x00000000a0000000, 0x00000000a6080000, 0x00000000e0000000)
  object space 98816K, 38% used [0x00000000a0000000,0x00000000a2515df8,0x00000000a6080000)
 Metaspace       used 56949K, capacity 58828K, committed 58968K, reserved 1099776K
  class space    used 7694K, capacity 8197K, committed 8320K, reserved 1048576K
}
Event: 17.249 GC heap before
{Heap before GC invocations=13 (full 3):
 PSYoungGen      total 178688K, used 16364K [0x00000000e0000000, 0x00000000eeb00000, 0x0000000100000000)
  eden space 162304K, 0% used [0x00000000e0000000,0x00000000e0000000,0x00000000e9e80000)
  from space 16384K, 99% used [0x00000000eb580000,0x00000000ec57b308,0x00000000ec580000)
  to   space 23552K, 0% used [0x00000000e9e80000,0x00000000e9e80000,0x00000000eb580000)
 ParOldGen       total 98816K, used 37975K [0x00000000a0000000, 0x00000000a6080000, 0x00000000e0000000)
  object space 98816K, 38% used [0x00000000a0000000,0x00000000a2515df8,0x00000000a6080000)
 Metaspace       used 56949K, capacity 58828K, committed 58968K, reserved 1099776K
  class space    used 7694K, capacity 8197K, committed 8320K, reserved 1048576K
Event: 17.630 GC heap after
Heap after GC invocations=13 (full 3):
 PSYoungGen      total 178688K, used 0K [0x00000000e0000000, 0x00000000eeb00000, 0x0000000100000000)
  eden space 162304K, 0% used [0x00000000e0000000,0x00000000e0000000,0x00000000e9e80000)
  from space 16384K, 0% used [0x00000000eb580000,0x00000000eb580000,0x00000000ec580000)
  to   space 23552K, 0% used [0x00000000e9e80000,0x00000000e9e80000,0x00000000eb580000)
 ParOldGen       total 165376K, used 45206K [0x00000000a0000000, 0x00000000aa180000, 0x00000000e0000000)
  object space 165376K, 27% used [0x00000000a0000000,0x00000000a2c25a80,0x00000000aa180000)
 Metaspace       used 56949K, capacity 58828K, committed 58968K, reserved 1099776K
  class space    used 7694K, capacity 8197K, committed 8320K, reserved 1048576K
}

Deoptimization events (10 events):
Event: 18.092 Thread 0x000000001ab50800 Uncommon trap: reason=class_check action=maybe_recompile pc=0x000000000523b138 method=com.sun.org.apache.xerces.internal.impl.XMLDocumentFragmentScannerImpl.scanStartElement()Z @ 436
Event: 18.092 Thread 0x000000001ab50800 Uncommon trap: reason=class_check action=maybe_recompile pc=0x000000000523b138 method=com.sun.org.apache.xerces.internal.impl.XMLDocumentFragmentScannerImpl.scanStartElement()Z @ 436
Event: 18.092 Thread 0x000000001ab50800 Uncommon trap: reason=class_check action=maybe_recompile pc=0x000000000523b138 method=com.sun.org.apache.xerces.internal.impl.XMLDocumentFragmentScannerImpl.scanStartElement()Z @ 436
Event: 18.282 Thread 0x000000001ab50800 Uncommon trap: reason=class_check action=maybe_recompile pc=0x000000000538f800 method=com.google.common.collect.AbstractMapBasedMultimap$WrappedCollection.refreshIfEmpty()V @ 59
Event: 18.282 Thread 0x000000001ab50800 Uncommon trap: reason=class_check action=maybe_recompile pc=0x000000000580f974 method=com.google.common.collect.AbstractMapBasedMultimap$WrappedCollection.refreshIfEmpty()V @ 59
Event: 18.282 Thread 0x000000001ab50800 Uncommon trap: reason=class_check action=maybe_recompile pc=0x000000000538f800 method=com.google.common.collect.AbstractMapBasedMultimap$WrappedCollection.refreshIfEmpty()V @ 59
Event: 18.282 Thread 0x000000001ab50800 Uncommon trap: reason=class_check action=maybe_recompile pc=0x000000000580f974 method=com.google.common.collect.AbstractMapBasedMultimap$WrappedCollection.refreshIfEmpty()V @ 59
Event: 18.282 Thread 0x000000001ab50800 Uncommon trap: reason=class_check action=maybe_recompile pc=0x000000000538f800 method=com.google.common.collect.AbstractMapBasedMultimap$WrappedCollection.refreshIfEmpty()V @ 59
Event: 18.367 Thread 0x000000001cc39800 Uncommon trap: reason=unstable_if action=reinterpret pc=0x0000000004dfdd34 method=com.esotericsoftware.kryo.io.Output.writeString(Ljava/lang/CharSequence;)V @ 1
Event: 18.442 Thread 0x000000001cc3b000 Uncommon trap: reason=unstable_if action=reinterpret pc=0x0000000004d7a4d8 method=java.lang.String.regionMatches(ZILjava/lang/String;II)Z @ 102

Classes redefined (0 events):
No events

Internal exceptions (10 events):
Event: 17.817 Thread 0x000000001ab50800 Exception <a 'java/lang/ClassNotFoundException': com/google/common/collect/AbstractMapBasedMultimap$WrappedCollectionBeanInfo> (0x00000000e0cb3a20) thrown at [D:\src\AOSP-openjdk-cygwin\jdk8u\hotspot\src\share\vm\classfile\systemDictionary.cpp, line 210]
Event: 17.818 Thread 0x000000001ab50800 Exception <a 'java/lang/ClassNotFoundException': com/google/common/collect/AbstractMapBasedMultimap$WrappedCollectionCustomizer> (0x00000000e0cc49c8) thrown at [D:\src\AOSP-openjdk-cygwin\jdk8u\hotspot\src\share\vm\classfile\systemDictionary.cpp, line 210
Event: 17.820 Thread 0x000000001ab50800 Exception <a 'java/lang/ClassNotFoundException': com/google/common/collect/AbstractMapBasedMultimap$WrappedListCustomizer> (0x00000000e0cebcc8) thrown at [D:\src\AOSP-openjdk-cygwin\jdk8u\hotspot\src\share\vm\classfile\systemDictionary.cpp, line 210]
Event: 17.822 Thread 0x000000001ab50800 Exception <a 'java/lang/ClassNotFoundException': com/google/common/collect/AbstractMapBasedMultimap$RandomAccessWrappedListCustomizer> (0x00000000e0d0ee88) thrown at [D:\src\AOSP-openjdk-cygwin\jdk8u\hotspot\src\share\vm\classfile\systemDictionary.cpp, li
Event: 17.834 Thread 0x000000001ab50800 Exception <a 'java/lang/ClassNotFoundException': org/jetbrains/plugins/gradle/model/DefaultExternalLibraryDependencyBeanInfo> (0x00000000e0d849f0) thrown at [D:\src\AOSP-openjdk-cygwin\jdk8u\hotspot\src\share\vm\classfile\systemDictionary.cpp, line 210]
Event: 17.836 Thread 0x000000001ab50800 Exception <a 'java/lang/ClassNotFoundException': org/jetbrains/plugins/gradle/model/AbstractExternalDependencyBeanInfo> (0x00000000e0d94cb0) thrown at [D:\src\AOSP-openjdk-cygwin\jdk8u\hotspot\src\share\vm\classfile\systemDictionary.cpp, line 210]
Event: 17.837 Thread 0x000000001ab50800 Exception <a 'java/lang/ClassNotFoundException': org/jetbrains/plugins/gradle/model/AbstractExternalDependencyCustomizer> (0x00000000e0da5178) thrown at [D:\src\AOSP-openjdk-cygwin\jdk8u\hotspot\src\share\vm\classfile\systemDictionary.cpp, line 210]
Event: 17.838 Thread 0x000000001ab50800 Exception <a 'java/lang/ClassNotFoundException': org/jetbrains/plugins/gradle/model/DefaultExternalLibraryDependencyCustomizer> (0x00000000e0dd2940) thrown at [D:\src\AOSP-openjdk-cygwin\jdk8u\hotspot\src\share\vm\classfile\systemDictionary.cpp, line 210]
Event: 18.091 Thread 0x000000001ab50800 Implicit null exception at 0x0000000005249df7 to 0x000000000524a5b1
Event: 18.367 Thread 0x000000001cc39800 Implicit null exception at 0x0000000004dfd9f0 to 0x0000000004dfdd1e

Events (10 events):
Event: 18.441 loading class org/gradle/api/tasks/util/internal/CachingPatternSpecFactory$CachingSpec$1 done
Event: 18.442 Thread 0x000000001cc3b000 Uncommon trap: trap_request=0xffffff65 fr.pc=0x0000000004d7a4d8
Event: 18.442 Thread 0x000000001cc3b000 DEOPT PACKING pc=0x0000000004d7a4d8 sp=0x0000000021e6d150
Event: 18.442 Thread 0x000000001cc3b000 DEOPT UNPACKING pc=0x00000000044f556a sp=0x0000000021e6d0d8 mode 2
Event: 18.501 loading class org/gradle/api/internal/changedetection/state/DirectoryTreeDetails
Event: 18.501 loading class org/gradle/api/internal/changedetection/state/DirectoryTreeDetails done
Event: 18.523 Executing VM operation: RevokeBias
Event: 18.523 Executing VM operation: RevokeBias done
Event: 18.644 Thread 0x000000001ce75800 DEOPT PACKING pc=0x0000000005a947d9 sp=0x000000001da9ec40
Event: 18.644 Thread 0x000000001ce75800 DEOPT UNPACKING pc=0x00000000044f75bf sp=0x000000001da9e968 mode 0


Dynamic libraries:
0x00007ff778fb0000 - 0x00007ff778fe1000 	T:\Programy\Android\Android Studio\jre\bin\java.exe
0x00007ffe5f340000 - 0x00007ffe5f520000 	C:\WINDOWS\SYSTEM32\ntdll.dll
0x00007ffe5c9e0000 - 0x00007ffe5ca8e000 	C:\WINDOWS\System32\KERNEL32.DLL
0x00007ffe5c300000 - 0x00007ffe5c566000 	C:\WINDOWS\System32\KERNELBASE.dll
0x00007ffe5c930000 - 0x00007ffe5c9d1000 	C:\WINDOWS\System32\ADVAPI32.dll
0x00007ffe5e4d0000 - 0x00007ffe5e56d000 	C:\WINDOWS\System32\msvcrt.dll
0x00007ffe5f2b0000 - 0x00007ffe5f30b000 	C:\WINDOWS\System32\sechost.dll
0x00007ffe5c810000 - 0x00007ffe5c92f000 	C:\WINDOWS\System32\RPCRT4.dll
0x00007ffe5e5f0000 - 0x00007ffe5e77f000 	C:\WINDOWS\System32\USER32.dll
0x00007ffe5bf10000 - 0x00007ffe5bf30000 	C:\WINDOWS\System32\win32u.dll
0x00007ffe5e410000 - 0x00007ffe5e438000 	C:\WINDOWS\System32\GDI32.dll
0x00007ffe5c570000 - 0x00007ffe5c703000 	C:\WINDOWS\System32\gdi32full.dll
0x00007ffe5bf90000 - 0x00007ffe5c02b000 	C:\WINDOWS\System32\msvcp_win.dll
0x00007ffe5c200000 - 0x00007ffe5c2f6000 	C:\WINDOWS\System32\ucrtbase.dll
0x00007ffe50120000 - 0x00007ffe50389000 	C:\WINDOWS\WinSxS\amd64_microsoft.windows.common-controls_6595b64144ccf1df_6.0.16299.248_none_15ced204935f55d7\COMCTL32.dll
0x00007ffe5ded0000 - 0x00007ffe5e1d8000 	C:\WINDOWS\System32\combase.dll
0x00007ffe5b740000 - 0x00007ffe5b7b2000 	C:\WINDOWS\System32\bcryptPrimitives.dll
0x00007ffe5ef00000 - 0x00007ffe5ef2d000 	C:\WINDOWS\System32\IMM32.DLL
0x00007ffe5ae60000 - 0x00007ffe5ae96000 	C:\WINDOWS\system32\DriverStore\FileRepository\nvsmi.inf_amd64_092a08b666958864\nvinitx.dll
0x00007ffe5ad80000 - 0x00007ffe5ad8a000 	C:\WINDOWS\SYSTEM32\VERSION.dll
0x00007ffe5ca90000 - 0x00007ffe5dec6000 	C:\WINDOWS\System32\Shell32.dll
0x00007ffe5c710000 - 0x00007ffe5c75a000 	C:\WINDOWS\System32\cfgmgr32.dll
0x00007ffe5ef30000 - 0x00007ffe5efd6000 	C:\WINDOWS\System32\shcore.dll
0x00007ffe5b7c0000 - 0x00007ffe5bf07000 	C:\WINDOWS\System32\windows.storage.dll
0x00007ffe5f1f0000 - 0x00007ffe5f241000 	C:\WINDOWS\System32\shlwapi.dll
0x00007ffe5b720000 - 0x00007ffe5b731000 	C:\WINDOWS\System32\kernel.appcore.dll
0x00007ffe5b690000 - 0x00007ffe5b6dc000 	C:\WINDOWS\System32\powrprof.dll
0x00007ffe5b6e0000 - 0x00007ffe5b6fb000 	C:\WINDOWS\System32\profapi.dll
0x0000000056720000 - 0x0000000056726000 	C:\Program Files\NVIDIA Corporation\CoProcManager\_etoured.dll
0x00007ffe55530000 - 0x00007ffe55573000 	C:\Program Files\NVIDIA Corporation\CoProcManager\nvd3d9wrapx.dll
0x00007ffe5eab0000 - 0x00007ffe5eefe000 	C:\WINDOWS\System32\SETUPAPI.dll
0x00007ffe58660000 - 0x00007ffe5868d000 	C:\Program Files\NVIDIA Corporation\CoProcManager\nvdxgiwrapx.dll
0x0000000055a90000 - 0x0000000055b62000 	T:\Programy\Android\Android Studio\jre\jre\bin\msvcr100.dll
0x0000000055b70000 - 0x00000000563ae000 	T:\Programy\Android\Android Studio\jre\jre\bin\server\jvm.dll
0x00007ffe5e1e0000 - 0x00007ffe5e1e8000 	C:\WINDOWS\System32\PSAPI.DLL
0x00007ffe59630000 - 0x00007ffe59653000 	C:\WINDOWS\SYSTEM32\WINMM.dll
0x00007ffe56f40000 - 0x00007ffe56f49000 	C:\WINDOWS\SYSTEM32\WSOCK32.dll
0x00007ffe5e930000 - 0x00007ffe5e99c000 	C:\WINDOWS\System32\WS2_32.dll
0x00007ffe595d0000 - 0x00007ffe595fa000 	C:\WINDOWS\SYSTEM32\winmmbase.dll
0x00007ffe56ec0000 - 0x00007ffe56ecf000 	T:\Programy\Android\Android Studio\jre\jre\bin\verify.dll
0x00007ffe50640000 - 0x00007ffe50669000 	T:\Programy\Android\Android Studio\jre\jre\bin\java.dll
0x00007ffe53210000 - 0x00007ffe53226000 	T:\Programy\Android\Android Studio\jre\jre\bin\zip.dll
0x00007ffe50940000 - 0x00007ffe5095a000 	T:\Programy\Android\Android Studio\jre\jre\bin\net.dll
0x00007ffe5af20000 - 0x00007ffe5af86000 	C:\WINDOWS\system32\mswsock.dll
0x00007ffe4fcf0000 - 0x00007ffe4fd01000 	T:\Programy\Android\Android Studio\jre\jre\bin\nio.dll
0x00007ffe4d580000 - 0x00007ffe4d59e000 	C:\Users\tomas\.gradle\native\25\windows-amd64\native-platform.dll
0x00007ffe56e90000 - 0x00007ffe56e9d000 	T:\Programy\Android\Android Studio\jre\jre\bin\management.dll
0x00007ffe5b0e0000 - 0x00007ffe5b0f7000 	C:\WINDOWS\SYSTEM32\CRYPTSP.dll
0x00007ffe5aae0000 - 0x00007ffe5ab13000 	C:\WINDOWS\system32\rsaenh.dll
0x00007ffe5b1f0000 - 0x00007ffe5b215000 	C:\WINDOWS\SYSTEM32\bcrypt.dll
0x00007ffe5b590000 - 0x00007ffe5b5b9000 	C:\WINDOWS\SYSTEM32\USERENV.dll
0x00007ffe5b100000 - 0x00007ffe5b10b000 	C:\WINDOWS\SYSTEM32\CRYPTBASE.dll
0x00007ffe5ac60000 - 0x00007ffe5ac99000 	C:\WINDOWS\SYSTEM32\IPHLPAPI.DLL
0x00007ffe5e780000 - 0x00007ffe5e788000 	C:\WINDOWS\System32\NSI.dll
0x00007ffe543c0000 - 0x00007ffe543d6000 	C:\WINDOWS\SYSTEM32\dhcpcsvc6.DLL
0x00007ffe543a0000 - 0x00007ffe543ba000 	C:\WINDOWS\SYSTEM32\dhcpcsvc.DLL
0x00007ffe4abc0000 - 0x00007ffe4ad88000 	C:\WINDOWS\SYSTEM32\dbghelp.dll

VM Arguments:
jvm_args: -Xmx1536m -Dfile.encoding=windows-1250 -Duser.country=PL -Duser.language=pl -Duser.variant 
java_command: org.gradle.launcher.daemon.bootstrap.GradleDaemon 4.1
java_class_path (initial): C:\Users\tomas\.gradle\wrapper\dists\gradle-4.1-all\bzyivzo6n839fup2jbap0tjew\gradle-4.1\lib\gradle-launcher-4.1.jar
Launcher Type: SUN_STANDARD

Environment Variables:
PATH=C:\WINDOWS\system32;C:\WINDOWS;C:\WINDOWS\System32\Wbem;C:\WINDOWS\System32\WindowsPowerShell\v1.0\;T:\Programy\Git\cmd;T:\Programy\MATLAB\R2017b\bin;C:\Users\tomas\AppData\Local\Microsoft\WindowsApps;
USERNAME=tomas
OS=Windows_NT
PROCESSOR_IDENTIFIER=Intel64 Family 6 Model 42 Stepping 7, GenuineIntel



---------------  S Y S T E M  ---------------

OS: Windows 10.0 , 64 bit Build 16299 (10.0.16299.15)

CPU:total 4 (initial active 4) (2 cores per cpu, 2 threads per core) family 6 model 42 stepping 7, cmov, cx8, fxsr, mmx, sse, sse2, sse3, ssse3, sse4.1, sse4.2, popcnt, avx, aes, clmul, ht, tsc, tscinvbit

Memory: 4k page, physical 8300084k(4214028k free), swap 10266164k(5532568k free)

vm_info: OpenJDK 64-Bit Server VM (25.152-b01) for windows-amd64 JRE (1.8.0_152-release-915-b01), built by "builder" with MS VC++ 10.0 (VS2010)

time: Sat Mar 03 13:03:47 2018
elapsed time: 18 seconds (0d 0h 0m 18s)

